c:\users\tatha\documents\visual studio 2015\Projects\Angular2Demo\Angular2Demo\src\app\app.component.js
c:\users\tatha\documents\visual studio 2015\Projects\Angular2Demo\Angular2Demo\src\app\app.component.js.map
c:\users\tatha\documents\visual studio 2015\Projects\Angular2Demo\Angular2Demo\src\app\app.module.js
c:\users\tatha\documents\visual studio 2015\Projects\Angular2Demo\Angular2Demo\src\app\app.module.js.map
c:\users\tatha\documents\visual studio 2015\Projects\Angular2Demo\Angular2Demo\src\main.js
c:\users\tatha\documents\visual studio 2015\Projects\Angular2Demo\Angular2Demo\src\main.js.map
c:\users\tatha\documents\visual studio 2015\Projects\Angular2Demo\Angular2Demo\src\app\app.component.spec.js
c:\users\tatha\documents\visual studio 2015\Projects\Angular2Demo\Angular2Demo\src\app\app.component.spec.js.map
c:\users\tatha\documents\visual studio 2015\Projects\Angular2Demo\Angular2Demo\src\app\app.component.js
c:\users\tatha\documents\visual studio 2015\Projects\Angular2Demo\Angular2Demo\src\app\app.component.js.map
c:\users\tatha\documents\visual studio 2015\Projects\Angular2Demo\Angular2Demo\src\app\app.module.js
c:\users\tatha\documents\visual studio 2015\Projects\Angular2Demo\Angular2Demo\src\app\app.module.js.map
c:\users\tatha\documents\visual studio 2015\Projects\Angular2Demo\Angular2Demo\src\main.js
c:\users\tatha\documents\visual studio 2015\Projects\Angular2Demo\Angular2Demo\src\main.js.map
c:\users\tatha\documents\visual studio 2015\Projects\Angular2Demo\Angular2Demo\src\app\app.component.spec.js
c:\users\tatha\documents\visual studio 2015\Projects\Angular2Demo\Angular2Demo\src\app\app.component.spec.js.map
c:\users\tatha\documents\visual studio 2015\Projects\Angular2Demo\Angular2Demo\src\app\app.component.js
c:\users\tatha\documents\visual studio 2015\Projects\Angular2Demo\Angular2Demo\src\app\app.component.js.map
c:\users\tatha\documents\visual studio 2015\Projects\Angular2Demo\Angular2Demo\src\app\app.module.js
c:\users\tatha\documents\visual studio 2015\Projects\Angular2Demo\Angular2Demo\src\app\app.module.js.map
c:\users\tatha\documents\visual studio 2015\Projects\Angular2Demo\Angular2Demo\src\main.js
c:\users\tatha\documents\visual studio 2015\Projects\Angular2Demo\Angular2Demo\src\main.js.map
c:\users\tatha\documents\visual studio 2015\Projects\Angular2Demo\Angular2Demo\src\app\app.component.spec.js
c:\users\tatha\documents\visual studio 2015\Projects\Angular2Demo\Angular2Demo\src\app\app.component.spec.js.map
c:\users\tatha\documents\visual studio 2015\Projects\Angular2Demo\Angular2Demo\src\app\app.component.js
c:\users\tatha\documents\visual studio 2015\Projects\Angular2Demo\Angular2Demo\src\app\app.component.js.map
c:\users\tatha\documents\visual studio 2015\Projects\Angular2Demo\Angular2Demo\src\app\app.module.js
c:\users\tatha\documents\visual studio 2015\Projects\Angular2Demo\Angular2Demo\src\app\app.module.js.map
c:\users\tatha\documents\visual studio 2015\Projects\Angular2Demo\Angular2Demo\src\main.js
c:\users\tatha\documents\visual studio 2015\Projects\Angular2Demo\Angular2Demo\src\main.js.map
c:\users\tatha\documents\visual studio 2015\Projects\Angular2Demo\Angular2Demo\src\app\app.component.spec.js
c:\users\tatha\documents\visual studio 2015\Projects\Angular2Demo\Angular2Demo\src\app\app.component.spec.js.map
c:\users\tatha\documents\visual studio 2015\Projects\Angular2Demo\Angular2Demo\src\app\app.component.js
c:\users\tatha\documents\visual studio 2015\Projects\Angular2Demo\Angular2Demo\src\app\app.component.js.map
c:\users\tatha\documents\visual studio 2015\Projects\Angular2Demo\Angular2Demo\src\app\app.module.js
c:\users\tatha\documents\visual studio 2015\Projects\Angular2Demo\Angular2Demo\src\app\app.module.js.map
c:\users\tatha\documents\visual studio 2015\Projects\Angular2Demo\Angular2Demo\src\main.js
c:\users\tatha\documents\visual studio 2015\Projects\Angular2Demo\Angular2Demo\src\main.js.map
c:\users\tatha\documents\visual studio 2015\Projects\Angular2Demo\Angular2Demo\src\app\app.component.spec.js
c:\users\tatha\documents\visual studio 2015\Projects\Angular2Demo\Angular2Demo\src\app\app.component.spec.js.map
C:\Users\Tatha\Documents\Visual Studio 2015\Projects\Angular2Demo\Angular2Demo\src\app\app.component.js
C:\Users\Tatha\Documents\Visual Studio 2015\Projects\Angular2Demo\Angular2Demo\src\app\app.component.js.map
C:\Users\Tatha\Documents\Visual Studio 2015\Projects\Angular2Demo\Angular2Demo\src\app\app.module.js
C:\Users\Tatha\Documents\Visual Studio 2015\Projects\Angular2Demo\Angular2Demo\src\app\app.module.js.map
C:\Users\Tatha\Documents\Visual Studio 2015\Projects\Angular2Demo\Angular2Demo\src\main.js
C:\Users\Tatha\Documents\Visual Studio 2015\Projects\Angular2Demo\Angular2Demo\src\main.js.map
C:\Users\Tatha\Documents\Visual Studio 2015\Projects\Angular2Demo\Angular2Demo\src\app\app.component.spec.js
C:\Users\Tatha\Documents\Visual Studio 2015\Projects\Angular2Demo\Angular2Demo\src\app\app.component.spec.js.map
C:\Users\Tatha\Documents\Visual Studio 2015\Projects\Angular2Demo\Angular2Demo\src\app\app.component.js
C:\Users\Tatha\Documents\Visual Studio 2015\Projects\Angular2Demo\Angular2Demo\src\app\app.component.js.map
C:\Users\Tatha\Documents\Visual Studio 2015\Projects\Angular2Demo\Angular2Demo\src\app\app.module.js
C:\Users\Tatha\Documents\Visual Studio 2015\Projects\Angular2Demo\Angular2Demo\src\app\app.module.js.map
C:\Users\Tatha\Documents\Visual Studio 2015\Projects\Angular2Demo\Angular2Demo\src\main.js
C:\Users\Tatha\Documents\Visual Studio 2015\Projects\Angular2Demo\Angular2Demo\src\main.js.map
C:\Users\Tatha\Documents\Visual Studio 2015\Projects\Angular2Demo\Angular2Demo\src\app\app.component.spec.js
C:\Users\Tatha\Documents\Visual Studio 2015\Projects\Angular2Demo\Angular2Demo\src\app\app.component.spec.js.map
C:\Users\Tatha\Documents\Visual Studio 2015\Projects\Angular2Demo\Angular2Demo\src\app\app.component.js
C:\Users\Tatha\Documents\Visual Studio 2015\Projects\Angular2Demo\Angular2Demo\src\app\app.component.js.map
C:\Users\Tatha\Documents\Visual Studio 2015\Projects\Angular2Demo\Angular2Demo\src\app\app.module.js
C:\Users\Tatha\Documents\Visual Studio 2015\Projects\Angular2Demo\Angular2Demo\src\app\app.module.js.map
C:\Users\Tatha\Documents\Visual Studio 2015\Projects\Angular2Demo\Angular2Demo\src\main.js
C:\Users\Tatha\Documents\Visual Studio 2015\Projects\Angular2Demo\Angular2Demo\src\main.js.map
C:\Users\Tatha\Documents\Visual Studio 2015\Projects\Angular2Demo\Angular2Demo\src\app\app.component.spec.js
C:\Users\Tatha\Documents\Visual Studio 2015\Projects\Angular2Demo\Angular2Demo\src\app\app.component.spec.js.map
C:\Users\Tatha\Documents\Visual Studio 2015\Projects\Angular2Demo\Angular2Demo\src\app\app.component.js
C:\Users\Tatha\Documents\Visual Studio 2015\Projects\Angular2Demo\Angular2Demo\src\app\app.component.js.map
C:\Users\Tatha\Documents\Visual Studio 2015\Projects\Angular2Demo\Angular2Demo\src\app\app.module.js
C:\Users\Tatha\Documents\Visual Studio 2015\Projects\Angular2Demo\Angular2Demo\src\app\app.module.js.map
C:\Users\Tatha\Documents\Visual Studio 2015\Projects\Angular2Demo\Angular2Demo\src\main.js
C:\Users\Tatha\Documents\Visual Studio 2015\Projects\Angular2Demo\Angular2Demo\src\main.js.map
C:\Users\Tatha\Documents\Visual Studio 2015\Projects\Angular2Demo\Angular2Demo\src\app\app.component.spec.js
C:\Users\Tatha\Documents\Visual Studio 2015\Projects\Angular2Demo\Angular2Demo\src\app\app.component.spec.js.map
C:\Users\Tatha\Documents\Visual Studio 2015\Projects\Angular2Demo\Angular2Demo\src\app\app.component.js
C:\Users\Tatha\Documents\Visual Studio 2015\Projects\Angular2Demo\Angular2Demo\src\app\app.component.js.map
C:\Users\Tatha\Documents\Visual Studio 2015\Projects\Angular2Demo\Angular2Demo\src\app\app.module.js
C:\Users\Tatha\Documents\Visual Studio 2015\Projects\Angular2Demo\Angular2Demo\src\app\app.module.js.map
C:\Users\Tatha\Documents\Visual Studio 2015\Projects\Angular2Demo\Angular2Demo\src\main.js
C:\Users\Tatha\Documents\Visual Studio 2015\Projects\Angular2Demo\Angular2Demo\src\main.js.map
C:\Users\Tatha\Documents\Visual Studio 2015\Projects\Angular2Demo\Angular2Demo\src\app\app.component.spec.js
C:\Users\Tatha\Documents\Visual Studio 2015\Projects\Angular2Demo\Angular2Demo\src\app\app.component.spec.js.map
C:\Users\Tatha\Documents\Visual Studio 2015\Projects\Angular2Demo\Angular2Demo\src\app\employee\app.employee.js
C:\Users\Tatha\Documents\Visual Studio 2015\Projects\Angular2Demo\Angular2Demo\src\app\employee\app.employee.js.map
C:\Users\Tatha\Documents\Visual Studio 2015\Projects\Angular2Demo\Angular2Demo\src\app\app.component.js
C:\Users\Tatha\Documents\Visual Studio 2015\Projects\Angular2Demo\Angular2Demo\src\app\app.component.js.map
C:\Users\Tatha\Documents\Visual Studio 2015\Projects\Angular2Demo\Angular2Demo\src\app\employee\employee.component.js
C:\Users\Tatha\Documents\Visual Studio 2015\Projects\Angular2Demo\Angular2Demo\src\app\employee\employee.component.js.map
C:\Users\Tatha\Documents\Visual Studio 2015\Projects\Angular2Demo\Angular2Demo\src\app\app.module.js
C:\Users\Tatha\Documents\Visual Studio 2015\Projects\Angular2Demo\Angular2Demo\src\app\app.module.js.map
C:\Users\Tatha\Documents\Visual Studio 2015\Projects\Angular2Demo\Angular2Demo\src\main.js
C:\Users\Tatha\Documents\Visual Studio 2015\Projects\Angular2Demo\Angular2Demo\src\main.js.map
C:\Users\Tatha\Documents\Visual Studio 2015\Projects\Angular2Demo\Angular2Demo\src\app\app.component.spec.js
C:\Users\Tatha\Documents\Visual Studio 2015\Projects\Angular2Demo\Angular2Demo\src\app\app.component.spec.js.map
C:\Users\Tatha\Documents\Visual Studio 2015\Projects\Angular2Demo\Angular2Demo\src\app\app.component.js
C:\Users\Tatha\Documents\Visual Studio 2015\Projects\Angular2Demo\Angular2Demo\src\app\app.component.js.map
C:\Users\Tatha\Documents\Visual Studio 2015\Projects\Angular2Demo\Angular2Demo\src\app\employee\employee.component.js
C:\Users\Tatha\Documents\Visual Studio 2015\Projects\Angular2Demo\Angular2Demo\src\app\employee\employee.component.js.map
C:\Users\Tatha\Documents\Visual Studio 2015\Projects\Angular2Demo\Angular2Demo\src\app\app.module.js
C:\Users\Tatha\Documents\Visual Studio 2015\Projects\Angular2Demo\Angular2Demo\src\app\app.module.js.map
C:\Users\Tatha\Documents\Visual Studio 2015\Projects\Angular2Demo\Angular2Demo\src\main.js
C:\Users\Tatha\Documents\Visual Studio 2015\Projects\Angular2Demo\Angular2Demo\src\main.js.map
C:\Users\Tatha\Documents\Visual Studio 2015\Projects\Angular2Demo\Angular2Demo\src\app\app.component.spec.js
C:\Users\Tatha\Documents\Visual Studio 2015\Projects\Angular2Demo\Angular2Demo\src\app\app.component.spec.js.map
C:\Users\Tatha\Documents\Visual Studio 2015\Projects\Angular2Demo\Angular2Demo\src\app\app.component.js
C:\Users\Tatha\Documents\Visual Studio 2015\Projects\Angular2Demo\Angular2Demo\src\app\app.component.js.map
C:\Users\Tatha\Documents\Visual Studio 2015\Projects\Angular2Demo\Angular2Demo\src\app\employee\employee.component.js
C:\Users\Tatha\Documents\Visual Studio 2015\Projects\Angular2Demo\Angular2Demo\src\app\employee\employee.component.js.map
C:\Users\Tatha\Documents\Visual Studio 2015\Projects\Angular2Demo\Angular2Demo\src\app\app.module.js
C:\Users\Tatha\Documents\Visual Studio 2015\Projects\Angular2Demo\Angular2Demo\src\app\app.module.js.map
C:\Users\Tatha\Documents\Visual Studio 2015\Projects\Angular2Demo\Angular2Demo\src\main.js
C:\Users\Tatha\Documents\Visual Studio 2015\Projects\Angular2Demo\Angular2Demo\src\main.js.map
C:\Users\Tatha\Documents\Visual Studio 2015\Projects\Angular2Demo\Angular2Demo\src\app\app.component.spec.js
C:\Users\Tatha\Documents\Visual Studio 2015\Projects\Angular2Demo\Angular2Demo\src\app\app.component.spec.js.map
C:\Users\Tatha\Documents\Visual Studio 2015\Projects\Angular2Demo\Angular2Demo\src\app\app.component.js
C:\Users\Tatha\Documents\Visual Studio 2015\Projects\Angular2Demo\Angular2Demo\src\app\app.component.js.map
C:\Users\Tatha\Documents\Visual Studio 2015\Projects\Angular2Demo\Angular2Demo\src\app\employee\employee.component.js
C:\Users\Tatha\Documents\Visual Studio 2015\Projects\Angular2Demo\Angular2Demo\src\app\employee\employee.component.js.map
C:\Users\Tatha\Documents\Visual Studio 2015\Projects\Angular2Demo\Angular2Demo\src\app\app.module.js
C:\Users\Tatha\Documents\Visual Studio 2015\Projects\Angular2Demo\Angular2Demo\src\app\app.module.js.map
C:\Users\Tatha\Documents\Visual Studio 2015\Projects\Angular2Demo\Angular2Demo\src\main.js
C:\Users\Tatha\Documents\Visual Studio 2015\Projects\Angular2Demo\Angular2Demo\src\main.js.map
C:\Users\Tatha\Documents\Visual Studio 2015\Projects\Angular2Demo\Angular2Demo\src\app\app.component.spec.js
C:\Users\Tatha\Documents\Visual Studio 2015\Projects\Angular2Demo\Angular2Demo\src\app\app.component.spec.js.map
C:\Users\Tatha\Documents\Visual Studio 2015\Projects\Angular2Demo\Angular2Demo\src\app\app.component.js
C:\Users\Tatha\Documents\Visual Studio 2015\Projects\Angular2Demo\Angular2Demo\src\app\app.component.js.map
C:\Users\Tatha\Documents\Visual Studio 2015\Projects\Angular2Demo\Angular2Demo\src\app\employee\employee.component.js
C:\Users\Tatha\Documents\Visual Studio 2015\Projects\Angular2Demo\Angular2Demo\src\app\employee\employee.component.js.map
C:\Users\Tatha\Documents\Visual Studio 2015\Projects\Angular2Demo\Angular2Demo\src\app\app.module.js
C:\Users\Tatha\Documents\Visual Studio 2015\Projects\Angular2Demo\Angular2Demo\src\app\app.module.js.map
C:\Users\Tatha\Documents\Visual Studio 2015\Projects\Angular2Demo\Angular2Demo\src\main.js
C:\Users\Tatha\Documents\Visual Studio 2015\Projects\Angular2Demo\Angular2Demo\src\main.js.map
C:\Users\Tatha\Documents\Visual Studio 2015\Projects\Angular2Demo\Angular2Demo\src\app\app.component.spec.js
C:\Users\Tatha\Documents\Visual Studio 2015\Projects\Angular2Demo\Angular2Demo\src\app\app.component.spec.js.map
C:\Users\Tatha\Documents\Visual Studio 2015\Projects\Angular2Demo\Angular2Demo\src\app\app.component.js
C:\Users\Tatha\Documents\Visual Studio 2015\Projects\Angular2Demo\Angular2Demo\src\app\app.component.js.map
C:\Users\Tatha\Documents\Visual Studio 2015\Projects\Angular2Demo\Angular2Demo\src\app\employee\employee.component.js
C:\Users\Tatha\Documents\Visual Studio 2015\Projects\Angular2Demo\Angular2Demo\src\app\employee\employee.component.js.map
C:\Users\Tatha\Documents\Visual Studio 2015\Projects\Angular2Demo\Angular2Demo\src\app\app.module.js
C:\Users\Tatha\Documents\Visual Studio 2015\Projects\Angular2Demo\Angular2Demo\src\app\app.module.js.map
C:\Users\Tatha\Documents\Visual Studio 2015\Projects\Angular2Demo\Angular2Demo\src\main.js
C:\Users\Tatha\Documents\Visual Studio 2015\Projects\Angular2Demo\Angular2Demo\src\main.js.map
C:\Users\Tatha\Documents\Visual Studio 2015\Projects\Angular2Demo\Angular2Demo\src\app\app.component.spec.js
C:\Users\Tatha\Documents\Visual Studio 2015\Projects\Angular2Demo\Angular2Demo\src\app\app.component.spec.js.map
